/!\ FAILSAFE /!\  Sun Aug 22 19:05:38 +0000 2010
  Status: 500 Internal Server Error
  Unknown database 'wellbaked_production'
    /usr/lib/ruby/gems/1.8/gems/activerecord-2.3.8/lib/active_record/connection_adapters/mysql_adapter.rb:619:in `real_connect'
    /usr/lib/ruby/gems/1.8/gems/activerecord-2.3.8/lib/active_record/connection_adapters/mysql_adapter.rb:619:in `connect'
    /usr/lib/ruby/gems/1.8/gems/activerecord-2.3.8/lib/active_record/connection_adapters/mysql_adapter.rb:203:in `initialize'
    /usr/lib/ruby/gems/1.8/gems/activerecord-2.3.8/lib/active_record/connection_adapters/mysql_adapter.rb:75:in `new'
    /usr/lib/ruby/gems/1.8/gems/activerecord-2.3.8/lib/active_record/connection_adapters/mysql_adapter.rb:75:in `mysql_connection'
    /usr/lib/ruby/gems/1.8/gems/activerecord-2.3.8/lib/active_record/connection_adapters/abstract/connection_pool.rb:223:in `send'
    /usr/lib/ruby/gems/1.8/gems/activerecord-2.3.8/lib/active_record/connection_adapters/abstract/connection_pool.rb:223:in `new_connection'
    /usr/lib/ruby/gems/1.8/gems/activerecord-2.3.8/lib/active_record/connection_adapters/abstract/connection_pool.rb:245:in `checkout_new_connection'
    /usr/lib/ruby/gems/1.8/gems/activerecord-2.3.8/lib/active_record/connection_adapters/abstract/connection_pool.rb:188:in `checkout'
    /usr/lib/ruby/gems/1.8/gems/activerecord-2.3.8/lib/active_record/connection_adapters/abstract/connection_pool.rb:184:in `loop'
    /usr/lib/ruby/gems/1.8/gems/activerecord-2.3.8/lib/active_record/connection_adapters/abstract/connection_pool.rb:184:in `checkout'
    /usr/lib/ruby/1.8/monitor.rb:242:in `synchronize'
    /usr/lib/ruby/gems/1.8/gems/activerecord-2.3.8/lib/active_record/connection_adapters/abstract/connection_pool.rb:183:in `checkout'
    /usr/lib/ruby/gems/1.8/gems/activerecord-2.3.8/lib/active_record/connection_adapters/abstract/connection_pool.rb:98:in `connection'
    /usr/lib/ruby/gems/1.8/gems/activerecord-2.3.8/lib/active_record/connection_adapters/abstract/connection_pool.rb:326:in `retrieve_connection'
    /usr/lib/ruby/gems/1.8/gems/activerecord-2.3.8/lib/active_record/connection_adapters/abstract/connection_specification.rb:123:in `retrieve_connection'
    /usr/lib/ruby/gems/1.8/gems/activerecord-2.3.8/lib/active_record/connection_adapters/abstract/connection_specification.rb:115:in `connection'
    /usr/lib/ruby/gems/1.8/gems/activerecord-2.3.8/lib/active_record/query_cache.rb:9:in `cache'
    /usr/lib/ruby/gems/1.8/gems/activerecord-2.3.8/lib/active_record/query_cache.rb:28:in `call'
    /usr/lib/ruby/gems/1.8/gems/activerecord-2.3.8/lib/active_record/connection_adapters/abstract/connection_pool.rb:361:in `call'
    /usr/lib/ruby/gems/1.8/gems/actionpack-2.3.8/lib/action_controller/string_coercion.rb:25:in `call'
    /usr/lib/ruby/gems/1.8/gems/rack-1.1.0/lib/rack/head.rb:9:in `call'
    /usr/lib/ruby/gems/1.8/gems/rack-1.1.0/lib/rack/methodoverride.rb:24:in `call'
    /usr/lib/ruby/gems/1.8/gems/actionpack-2.3.8/lib/action_controller/params_parser.rb:15:in `call'
    /usr/lib/ruby/gems/1.8/gems/actionpack-2.3.8/lib/action_controller/session/cookie_store.rb:99:in `call'
    /usr/lib/ruby/gems/1.8/gems/actionpack-2.3.8/lib/action_controller/failsafe.rb:26:in `call'
    /usr/lib/ruby/gems/1.8/gems/rack-1.1.0/lib/rack/lock.rb:11:in `call'
    /usr/lib/ruby/gems/1.8/gems/rack-1.1.0/lib/rack/lock.rb:11:in `synchronize'
    /usr/lib/ruby/gems/1.8/gems/rack-1.1.0/lib/rack/lock.rb:11:in `call'
    /usr/lib/ruby/gems/1.8/gems/actionpack-2.3.8/lib/action_controller/dispatcher.rb:106:in `call'
    /usr/lib/ruby/gems/1.8/gems/passenger-2.2.15/lib/phusion_passenger/rack/request_handler.rb:92:in `process_request'
    /usr/lib/ruby/gems/1.8/gems/passenger-2.2.15/lib/phusion_passenger/abstract_request_handler.rb:207:in `main_loop'
    /usr/lib/ruby/gems/1.8/gems/passenger-2.2.15/lib/phusion_passenger/railz/application_spawner.rb:441:in `start_request_handler'
    /usr/lib/ruby/gems/1.8/gems/passenger-2.2.15/lib/phusion_passenger/railz/application_spawner.rb:381:in `handle_spawn_application'
    /usr/lib/ruby/gems/1.8/gems/passenger-2.2.15/lib/phusion_passenger/utils.rb:252:in `safe_fork'
    /usr/lib/ruby/gems/1.8/gems/passenger-2.2.15/lib/phusion_passenger/railz/application_spawner.rb:377:in `handle_spawn_application'
    /usr/lib/ruby/gems/1.8/gems/passenger-2.2.15/lib/phusion_passenger/abstract_server.rb:352:in `__send__'
    /usr/lib/ruby/gems/1.8/gems/passenger-2.2.15/lib/phusion_passenger/abstract_server.rb:352:in `main_loop'
    /usr/lib/ruby/gems/1.8/gems/passenger-2.2.15/lib/phusion_passenger/abstract_server.rb:196:in `start_synchronously'
    /usr/lib/ruby/gems/1.8/gems/passenger-2.2.15/lib/phusion_passenger/abstract_server.rb:163:in `start'
    /usr/lib/ruby/gems/1.8/gems/passenger-2.2.15/lib/phusion_passenger/railz/application_spawner.rb:222:in `start'
    /usr/lib/ruby/gems/1.8/gems/passenger-2.2.15/lib/phusion_passenger/spawn_manager.rb:253:in `spawn_rails_application'
    /usr/lib/ruby/gems/1.8/gems/passenger-2.2.15/lib/phusion_passenger/abstract_server_collection.rb:126:in `lookup_or_add'
    /usr/lib/ruby/gems/1.8/gems/passenger-2.2.15/lib/phusion_passenger/spawn_manager.rb:247:in `spawn_rails_application'
    /usr/lib/ruby/gems/1.8/gems/passenger-2.2.15/lib/phusion_passenger/abstract_server_collection.rb:80:in `synchronize'
    /usr/lib/ruby/gems/1.8/gems/passenger-2.2.15/lib/phusion_passenger/abstract_server_collection.rb:79:in `synchronize'
    /usr/lib/ruby/gems/1.8/gems/passenger-2.2.15/lib/phusion_passenger/spawn_manager.rb:246:in `spawn_rails_application'
    /usr/lib/ruby/gems/1.8/gems/passenger-2.2.15/lib/phusion_passenger/spawn_manager.rb:145:in `spawn_application'
    /usr/lib/ruby/gems/1.8/gems/passenger-2.2.15/lib/phusion_passenger/spawn_manager.rb:278:in `handle_spawn_application'
    /usr/lib/ruby/gems/1.8/gems/passenger-2.2.15/lib/phusion_passenger/abstract_server.rb:352:in `__send__'
    /usr/lib/ruby/gems/1.8/gems/passenger-2.2.15/lib/phusion_passenger/abstract_server.rb:352:in `main_loop'
    /usr/lib/ruby/gems/1.8/gems/passenger-2.2.15/lib/phusion_passenger/abstract_server.rb:196:in `start_synchronously'
    /usr/lib/ruby/gems/1.8/gems/passenger-2.2.15/bin/passenger-spawn-server:61


Processing ProductsController#index (for 86.30.224.22 at 2010-08-22 19:06:22) [GET]
Rendering template within layouts/products
Rendering products/index
Completed in 7ms (View: 4, DB: 0) | 200 OK [http://wellbaked.net/products]


Processing ProductsController#new (for 86.30.224.22 at 2010-08-22 19:06:24) [GET]
Rendering template within layouts/products
Rendering products/new

ActionView::TemplateError (undefined method `string' for #<Product:0xb6484098>) on line #8 of app/views/products/new.html.erb:
5: 
6:   <p>
7:     <%= f.label :string %><br />
8:     <%= f.text_field :string %>
9:   </p>
10:   <p>
11:     <%= f.label :tagline %><br />

    app/views/products/new.html.erb:8
    app/views/products/new.html.erb:3
    app/controllers/products_controller.rb:29:in `new'
    passenger (2.2.15) lib/phusion_passenger/rack/request_handler.rb:92:in `process_request'
    passenger (2.2.15) lib/phusion_passenger/abstract_request_handler.rb:207:in `main_loop'
    passenger (2.2.15) lib/phusion_passenger/railz/application_spawner.rb:441:in `start_request_handler'
    passenger (2.2.15) lib/phusion_passenger/railz/application_spawner.rb:381:in `handle_spawn_application'
    passenger (2.2.15) lib/phusion_passenger/utils.rb:252:in `safe_fork'
    passenger (2.2.15) lib/phusion_passenger/railz/application_spawner.rb:377:in `handle_spawn_application'
    passenger (2.2.15) lib/phusion_passenger/abstract_server.rb:352:in `__send__'
    passenger (2.2.15) lib/phusion_passenger/abstract_server.rb:352:in `main_loop'
    passenger (2.2.15) lib/phusion_passenger/abstract_server.rb:196:in `start_synchronously'
    passenger (2.2.15) lib/phusion_passenger/abstract_server.rb:163:in `start'
    passenger (2.2.15) lib/phusion_passenger/railz/application_spawner.rb:222:in `start'
    passenger (2.2.15) lib/phusion_passenger/spawn_manager.rb:253:in `spawn_rails_application'
    passenger (2.2.15) lib/phusion_passenger/abstract_server_collection.rb:126:in `lookup_or_add'
    passenger (2.2.15) lib/phusion_passenger/spawn_manager.rb:247:in `spawn_rails_application'
    passenger (2.2.15) lib/phusion_passenger/abstract_server_collection.rb:80:in `synchronize'
    passenger (2.2.15) lib/phusion_passenger/abstract_server_collection.rb:79:in `synchronize'
    passenger (2.2.15) lib/phusion_passenger/spawn_manager.rb:246:in `spawn_rails_application'
    passenger (2.2.15) lib/phusion_passenger/spawn_manager.rb:145:in `spawn_application'
    passenger (2.2.15) lib/phusion_passenger/spawn_manager.rb:278:in `handle_spawn_application'
    passenger (2.2.15) lib/phusion_passenger/abstract_server.rb:352:in `__send__'
    passenger (2.2.15) lib/phusion_passenger/abstract_server.rb:352:in `main_loop'
    passenger (2.2.15) lib/phusion_passenger/abstract_server.rb:196:in `start_synchronously'

Rendering /var/virtualhosts/wellbaked/wellbaked.net/wellbaked/public/500.html (500 Internal Server Error)


Processing ProductsController#index (for 86.30.224.22 at 2010-08-22 19:06:49) [GET]
Rendering template within layouts/products
Rendering products/index
Completed in 1ms (View: 1, DB: 0) | 200 OK [http://www.wellbaked.net/products]


Processing ProductsController#new (for 86.30.224.22 at 2010-08-22 19:06:51) [GET]
Rendering template within layouts/products
Rendering products/new

ActionView::TemplateError (undefined method `string' for #<Product:0xb6390d6c>) on line #8 of app/views/products/new.html.erb:
5: 
6:   <p>
7:     <%= f.label :string %><br />
8:     <%= f.text_field :string %>
9:   </p>
10:   <p>
11:     <%= f.label :tagline %><br />

    app/views/products/new.html.erb:8
    app/views/products/new.html.erb:3
    app/controllers/products_controller.rb:29:in `new'
    passenger (2.2.15) lib/phusion_passenger/rack/request_handler.rb:92:in `process_request'
    passenger (2.2.15) lib/phusion_passenger/abstract_request_handler.rb:207:in `main_loop'
    passenger (2.2.15) lib/phusion_passenger/railz/application_spawner.rb:441:in `start_request_handler'
    passenger (2.2.15) lib/phusion_passenger/railz/application_spawner.rb:381:in `handle_spawn_application'
    passenger (2.2.15) lib/phusion_passenger/utils.rb:252:in `safe_fork'
    passenger (2.2.15) lib/phusion_passenger/railz/application_spawner.rb:377:in `handle_spawn_application'
    passenger (2.2.15) lib/phusion_passenger/abstract_server.rb:352:in `__send__'
    passenger (2.2.15) lib/phusion_passenger/abstract_server.rb:352:in `main_loop'
    passenger (2.2.15) lib/phusion_passenger/abstract_server.rb:196:in `start_synchronously'
    passenger (2.2.15) lib/phusion_passenger/abstract_server.rb:163:in `start'
    passenger (2.2.15) lib/phusion_passenger/railz/application_spawner.rb:222:in `start'
    passenger (2.2.15) lib/phusion_passenger/spawn_manager.rb:253:in `spawn_rails_application'
    passenger (2.2.15) lib/phusion_passenger/abstract_server_collection.rb:126:in `lookup_or_add'
    passenger (2.2.15) lib/phusion_passenger/spawn_manager.rb:247:in `spawn_rails_application'
    passenger (2.2.15) lib/phusion_passenger/abstract_server_collection.rb:80:in `synchronize'
    passenger (2.2.15) lib/phusion_passenger/abstract_server_collection.rb:79:in `synchronize'
    passenger (2.2.15) lib/phusion_passenger/spawn_manager.rb:246:in `spawn_rails_application'
    passenger (2.2.15) lib/phusion_passenger/spawn_manager.rb:145:in `spawn_application'
    passenger (2.2.15) lib/phusion_passenger/spawn_manager.rb:278:in `handle_spawn_application'
    passenger (2.2.15) lib/phusion_passenger/abstract_server.rb:352:in `__send__'
    passenger (2.2.15) lib/phusion_passenger/abstract_server.rb:352:in `main_loop'
    passenger (2.2.15) lib/phusion_passenger/abstract_server.rb:196:in `start_synchronously'

Rendering /var/virtualhosts/wellbaked/wellbaked.net/wellbaked/public/500.html (500 Internal Server Error)


Processing ProductsController#index (for 86.30.224.22 at 2010-08-22 19:09:13) [GET]
Rendering template within layouts/products
Rendering products/index
Completed in 2ms (View: 1, DB: 0) | 200 OK [http://www.wellbaked.net/products/]


Processing ProductsController#new (for 86.30.224.22 at 2010-08-22 19:09:15) [GET]
Rendering template within layouts/products
Rendering products/new

ActionView::TemplateError (undefined method `string' for #<Product:0xb62cf9dc>) on line #8 of app/views/products/new.html.erb:
5: 
6:   <p>
7:     <%= f.label :string %><br />
8:     <%= f.text_field :string %>
9:   </p>
10:   <p>
11:     <%= f.label :tagline %><br />

    app/views/products/new.html.erb:8
    app/views/products/new.html.erb:3
    app/controllers/products_controller.rb:29:in `new'
    passenger (2.2.15) lib/phusion_passenger/rack/request_handler.rb:92:in `process_request'
    passenger (2.2.15) lib/phusion_passenger/abstract_request_handler.rb:207:in `main_loop'
    passenger (2.2.15) lib/phusion_passenger/railz/application_spawner.rb:441:in `start_request_handler'
    passenger (2.2.15) lib/phusion_passenger/railz/application_spawner.rb:381:in `handle_spawn_application'
    passenger (2.2.15) lib/phusion_passenger/utils.rb:252:in `safe_fork'
    passenger (2.2.15) lib/phusion_passenger/railz/application_spawner.rb:377:in `handle_spawn_application'
    passenger (2.2.15) lib/phusion_passenger/abstract_server.rb:352:in `__send__'
    passenger (2.2.15) lib/phusion_passenger/abstract_server.rb:352:in `main_loop'
    passenger (2.2.15) lib/phusion_passenger/abstract_server.rb:196:in `start_synchronously'
    passenger (2.2.15) lib/phusion_passenger/abstract_server.rb:163:in `start'
    passenger (2.2.15) lib/phusion_passenger/railz/application_spawner.rb:222:in `start'
    passenger (2.2.15) lib/phusion_passenger/spawn_manager.rb:253:in `spawn_rails_application'
    passenger (2.2.15) lib/phusion_passenger/abstract_server_collection.rb:126:in `lookup_or_add'
    passenger (2.2.15) lib/phusion_passenger/spawn_manager.rb:247:in `spawn_rails_application'
    passenger (2.2.15) lib/phusion_passenger/abstract_server_collection.rb:80:in `synchronize'
    passenger (2.2.15) lib/phusion_passenger/abstract_server_collection.rb:79:in `synchronize'
    passenger (2.2.15) lib/phusion_passenger/spawn_manager.rb:246:in `spawn_rails_application'
    passenger (2.2.15) lib/phusion_passenger/spawn_manager.rb:145:in `spawn_application'
    passenger (2.2.15) lib/phusion_passenger/spawn_manager.rb:278:in `handle_spawn_application'
    passenger (2.2.15) lib/phusion_passenger/abstract_server.rb:352:in `__send__'
    passenger (2.2.15) lib/phusion_passenger/abstract_server.rb:352:in `main_loop'
    passenger (2.2.15) lib/phusion_passenger/abstract_server.rb:196:in `start_synchronously'

Rendering /var/virtualhosts/wellbaked/wellbaked.net/wellbaked/public/500.html (500 Internal Server Error)


Processing ProductsController#new (for 86.30.224.22 at 2010-08-22 19:10:37) [GET]
Rendering template within layouts/products
Rendering products/new

ActionView::TemplateError (undefined method `string' for #<Product:0xb6907ebc>) on line #8 of app/views/products/new.html.erb:
5: 
6:   <p>
7:     <%= f.label :string %><br />
8:     <%= f.text_field :string %>
9:   </p>
10:   <p>
11:     <%= f.label :tagline %><br />

    app/views/products/new.html.erb:8
    app/views/products/new.html.erb:3
    app/controllers/products_controller.rb:29:in `new'
    passenger (2.2.15) lib/phusion_passenger/rack/request_handler.rb:92:in `process_request'
    passenger (2.2.15) lib/phusion_passenger/abstract_request_handler.rb:207:in `main_loop'
    passenger (2.2.15) lib/phusion_passenger/railz/application_spawner.rb:441:in `start_request_handler'
    passenger (2.2.15) lib/phusion_passenger/railz/application_spawner.rb:381:in `handle_spawn_application'
    passenger (2.2.15) lib/phusion_passenger/utils.rb:252:in `safe_fork'
    passenger (2.2.15) lib/phusion_passenger/railz/application_spawner.rb:377:in `handle_spawn_application'
    passenger (2.2.15) lib/phusion_passenger/abstract_server.rb:352:in `__send__'
    passenger (2.2.15) lib/phusion_passenger/abstract_server.rb:352:in `main_loop'
    passenger (2.2.15) lib/phusion_passenger/abstract_server.rb:196:in `start_synchronously'
    passenger (2.2.15) lib/phusion_passenger/abstract_server.rb:163:in `start'
    passenger (2.2.15) lib/phusion_passenger/railz/application_spawner.rb:222:in `start'
    passenger (2.2.15) lib/phusion_passenger/spawn_manager.rb:253:in `spawn_rails_application'
    passenger (2.2.15) lib/phusion_passenger/abstract_server_collection.rb:126:in `lookup_or_add'
    passenger (2.2.15) lib/phusion_passenger/spawn_manager.rb:247:in `spawn_rails_application'
    passenger (2.2.15) lib/phusion_passenger/abstract_server_collection.rb:80:in `synchronize'
    passenger (2.2.15) lib/phusion_passenger/abstract_server_collection.rb:79:in `synchronize'
    passenger (2.2.15) lib/phusion_passenger/spawn_manager.rb:246:in `spawn_rails_application'
    passenger (2.2.15) lib/phusion_passenger/spawn_manager.rb:145:in `spawn_application'
    passenger (2.2.15) lib/phusion_passenger/spawn_manager.rb:278:in `handle_spawn_application'
    passenger (2.2.15) lib/phusion_passenger/abstract_server.rb:352:in `__send__'
    passenger (2.2.15) lib/phusion_passenger/abstract_server.rb:352:in `main_loop'
    passenger (2.2.15) lib/phusion_passenger/abstract_server.rb:196:in `start_synchronously'

Rendering /var/virtualhosts/wellbaked/wellbaked.net/wellbaked/public/500.html (500 Internal Server Error)


Processing ProductsController#new (for 86.30.224.22 at 2010-08-22 19:10:40) [GET]
Rendering template within layouts/products
Rendering products/new

ActionView::TemplateError (undefined method `string' for #<Product:0xb64b9720>) on line #8 of app/views/products/new.html.erb:
5: 
6:   <p>
7:     <%= f.label :string %><br />
8:     <%= f.text_field :string %>
9:   </p>
10:   <p>
11:     <%= f.label :tagline %><br />

    app/views/products/new.html.erb:8
    app/views/products/new.html.erb:3
    app/controllers/products_controller.rb:29:in `new'
    passenger (2.2.15) lib/phusion_passenger/rack/request_handler.rb:92:in `process_request'
    passenger (2.2.15) lib/phusion_passenger/abstract_request_handler.rb:207:in `main_loop'
    passenger (2.2.15) lib/phusion_passenger/railz/application_spawner.rb:441:in `start_request_handler'
    passenger (2.2.15) lib/phusion_passenger/railz/application_spawner.rb:381:in `handle_spawn_application'
    passenger (2.2.15) lib/phusion_passenger/utils.rb:252:in `safe_fork'
    passenger (2.2.15) lib/phusion_passenger/railz/application_spawner.rb:377:in `handle_spawn_application'
    passenger (2.2.15) lib/phusion_passenger/abstract_server.rb:352:in `__send__'
    passenger (2.2.15) lib/phusion_passenger/abstract_server.rb:352:in `main_loop'
    passenger (2.2.15) lib/phusion_passenger/abstract_server.rb:196:in `start_synchronously'
    passenger (2.2.15) lib/phusion_passenger/abstract_server.rb:163:in `start'
    passenger (2.2.15) lib/phusion_passenger/railz/application_spawner.rb:222:in `start'
    passenger (2.2.15) lib/phusion_passenger/spawn_manager.rb:253:in `spawn_rails_application'
    passenger (2.2.15) lib/phusion_passenger/abstract_server_collection.rb:126:in `lookup_or_add'
    passenger (2.2.15) lib/phusion_passenger/spawn_manager.rb:247:in `spawn_rails_application'
    passenger (2.2.15) lib/phusion_passenger/abstract_server_collection.rb:80:in `synchronize'
    passenger (2.2.15) lib/phusion_passenger/abstract_server_collection.rb:79:in `synchronize'
    passenger (2.2.15) lib/phusion_passenger/spawn_manager.rb:246:in `spawn_rails_application'
    passenger (2.2.15) lib/phusion_passenger/spawn_manager.rb:145:in `spawn_application'
    passenger (2.2.15) lib/phusion_passenger/spawn_manager.rb:278:in `handle_spawn_application'
    passenger (2.2.15) lib/phusion_passenger/abstract_server.rb:352:in `__send__'
    passenger (2.2.15) lib/phusion_passenger/abstract_server.rb:352:in `main_loop'
    passenger (2.2.15) lib/phusion_passenger/abstract_server.rb:196:in `start_synchronously'

Rendering /var/virtualhosts/wellbaked/wellbaked.net/wellbaked/public/500.html (500 Internal Server Error)


Processing ProductsController#new (for 86.30.224.22 at 2010-08-22 19:10:50) [GET]
Rendering template within layouts/products
Rendering products/new

ActionView::TemplateError (undefined method `string' for #<Product:0xb63d5b9c>) on line #8 of app/views/products/new.html.erb:
5: 
6:   <p>
7:     <%= f.label :string %><br />
8:     <%= f.text_field :string %>
9:   </p>
10:   <p>
11:     <%= f.label :tagline %><br />

    app/views/products/new.html.erb:8
    app/views/products/new.html.erb:3
    app/controllers/products_controller.rb:29:in `new'
    passenger (2.2.15) lib/phusion_passenger/rack/request_handler.rb:92:in `process_request'
    passenger (2.2.15) lib/phusion_passenger/abstract_request_handler.rb:207:in `main_loop'
    passenger (2.2.15) lib/phusion_passenger/railz/application_spawner.rb:441:in `start_request_handler'
    passenger (2.2.15) lib/phusion_passenger/railz/application_spawner.rb:381:in `handle_spawn_application'
    passenger (2.2.15) lib/phusion_passenger/utils.rb:252:in `safe_fork'
    passenger (2.2.15) lib/phusion_passenger/railz/application_spawner.rb:377:in `handle_spawn_application'
    passenger (2.2.15) lib/phusion_passenger/abstract_server.rb:352:in `__send__'
    passenger (2.2.15) lib/phusion_passenger/abstract_server.rb:352:in `main_loop'
    passenger (2.2.15) lib/phusion_passenger/abstract_server.rb:196:in `start_synchronously'
    passenger (2.2.15) lib/phusion_passenger/abstract_server.rb:163:in `start'
    passenger (2.2.15) lib/phusion_passenger/railz/application_spawner.rb:222:in `start'
    passenger (2.2.15) lib/phusion_passenger/spawn_manager.rb:253:in `spawn_rails_application'
    passenger (2.2.15) lib/phusion_passenger/abstract_server_collection.rb:126:in `lookup_or_add'
    passenger (2.2.15) lib/phusion_passenger/spawn_manager.rb:247:in `spawn_rails_application'
    passenger (2.2.15) lib/phusion_passenger/abstract_server_collection.rb:80:in `synchronize'
    passenger (2.2.15) lib/phusion_passenger/abstract_server_collection.rb:79:in `synchronize'
    passenger (2.2.15) lib/phusion_passenger/spawn_manager.rb:246:in `spawn_rails_application'
    passenger (2.2.15) lib/phusion_passenger/spawn_manager.rb:145:in `spawn_application'
    passenger (2.2.15) lib/phusion_passenger/spawn_manager.rb:278:in `handle_spawn_application'
    passenger (2.2.15) lib/phusion_passenger/abstract_server.rb:352:in `__send__'
    passenger (2.2.15) lib/phusion_passenger/abstract_server.rb:352:in `main_loop'
    passenger (2.2.15) lib/phusion_passenger/abstract_server.rb:196:in `start_synchronously'

Rendering /var/virtualhosts/wellbaked/wellbaked.net/wellbaked/public/500.html (500 Internal Server Error)


Processing ProductsController#index (for 86.30.224.22 at 2010-08-22 19:11:27) [GET]
Rendering template within layouts/products
Rendering products/index
Completed in 1ms (View: 1, DB: 0) | 200 OK [http://www.wellbaked.net/products/]


Processing ProductsController#new (for 86.30.224.22 at 2010-08-22 19:11:29) [GET]
Rendering template within layouts/products
Rendering products/new

ActionView::TemplateError (undefined method `string' for #<Product:0xb6303890>) on line #8 of app/views/products/new.html.erb:
5: 
6:   <p>
7:     <%= f.label :string %><br />
8:     <%= f.text_field :string %>
9:   </p>
10:   <p>
11:     <%= f.label :tagline %><br />

    app/views/products/new.html.erb:8
    app/views/products/new.html.erb:3
    app/controllers/products_controller.rb:29:in `new'
    passenger (2.2.15) lib/phusion_passenger/rack/request_handler.rb:92:in `process_request'
    passenger (2.2.15) lib/phusion_passenger/abstract_request_handler.rb:207:in `main_loop'
    passenger (2.2.15) lib/phusion_passenger/railz/application_spawner.rb:441:in `start_request_handler'
    passenger (2.2.15) lib/phusion_passenger/railz/application_spawner.rb:381:in `handle_spawn_application'
    passenger (2.2.15) lib/phusion_passenger/utils.rb:252:in `safe_fork'
    passenger (2.2.15) lib/phusion_passenger/railz/application_spawner.rb:377:in `handle_spawn_application'
    passenger (2.2.15) lib/phusion_passenger/abstract_server.rb:352:in `__send__'
    passenger (2.2.15) lib/phusion_passenger/abstract_server.rb:352:in `main_loop'
    passenger (2.2.15) lib/phusion_passenger/abstract_server.rb:196:in `start_synchronously'
    passenger (2.2.15) lib/phusion_passenger/abstract_server.rb:163:in `start'
    passenger (2.2.15) lib/phusion_passenger/railz/application_spawner.rb:222:in `start'
    passenger (2.2.15) lib/phusion_passenger/spawn_manager.rb:253:in `spawn_rails_application'
    passenger (2.2.15) lib/phusion_passenger/abstract_server_collection.rb:126:in `lookup_or_add'
    passenger (2.2.15) lib/phusion_passenger/spawn_manager.rb:247:in `spawn_rails_application'
    passenger (2.2.15) lib/phusion_passenger/abstract_server_collection.rb:80:in `synchronize'
    passenger (2.2.15) lib/phusion_passenger/abstract_server_collection.rb:79:in `synchronize'
    passenger (2.2.15) lib/phusion_passenger/spawn_manager.rb:246:in `spawn_rails_application'
    passenger (2.2.15) lib/phusion_passenger/spawn_manager.rb:145:in `spawn_application'
    passenger (2.2.15) lib/phusion_passenger/spawn_manager.rb:278:in `handle_spawn_application'
    passenger (2.2.15) lib/phusion_passenger/abstract_server.rb:352:in `__send__'
    passenger (2.2.15) lib/phusion_passenger/abstract_server.rb:352:in `main_loop'
    passenger (2.2.15) lib/phusion_passenger/abstract_server.rb:196:in `start_synchronously'

Rendering /var/virtualhosts/wellbaked/wellbaked.net/wellbaked/public/500.html (500 Internal Server Error)


Processing ProductsController#new (for 86.30.224.22 at 2010-08-22 19:12:34) [GET]
Rendering template within layouts/products
Rendering products/new

ActionView::TemplateError (undefined method `string' for #<Product:0xb62674e0>) on line #8 of app/views/products/new.html.erb:
5: 
6:   <p>
7:     <%= f.label :string %><br />
8:     <%= f.text_field :string %>
9:   </p>
10:   <p>
11:     <%= f.label :tagline %><br />

    app/views/products/new.html.erb:8
    app/views/products/new.html.erb:3
    app/controllers/products_controller.rb:29:in `new'
    passenger (2.2.15) lib/phusion_passenger/rack/request_handler.rb:92:in `process_request'
    passenger (2.2.15) lib/phusion_passenger/abstract_request_handler.rb:207:in `main_loop'
    passenger (2.2.15) lib/phusion_passenger/railz/application_spawner.rb:441:in `start_request_handler'
    passenger (2.2.15) lib/phusion_passenger/railz/application_spawner.rb:381:in `handle_spawn_application'
    passenger (2.2.15) lib/phusion_passenger/utils.rb:252:in `safe_fork'
    passenger (2.2.15) lib/phusion_passenger/railz/application_spawner.rb:377:in `handle_spawn_application'
    passenger (2.2.15) lib/phusion_passenger/abstract_server.rb:352:in `__send__'
    passenger (2.2.15) lib/phusion_passenger/abstract_server.rb:352:in `main_loop'
    passenger (2.2.15) lib/phusion_passenger/abstract_server.rb:196:in `start_synchronously'
    passenger (2.2.15) lib/phusion_passenger/abstract_server.rb:163:in `start'
    passenger (2.2.15) lib/phusion_passenger/railz/application_spawner.rb:222:in `start'
    passenger (2.2.15) lib/phusion_passenger/spawn_manager.rb:253:in `spawn_rails_application'
    passenger (2.2.15) lib/phusion_passenger/abstract_server_collection.rb:126:in `lookup_or_add'
    passenger (2.2.15) lib/phusion_passenger/spawn_manager.rb:247:in `spawn_rails_application'
    passenger (2.2.15) lib/phusion_passenger/abstract_server_collection.rb:80:in `synchronize'
    passenger (2.2.15) lib/phusion_passenger/abstract_server_collection.rb:79:in `synchronize'
    passenger (2.2.15) lib/phusion_passenger/spawn_manager.rb:246:in `spawn_rails_application'
    passenger (2.2.15) lib/phusion_passenger/spawn_manager.rb:145:in `spawn_application'
    passenger (2.2.15) lib/phusion_passenger/spawn_manager.rb:278:in `handle_spawn_application'
    passenger (2.2.15) lib/phusion_passenger/abstract_server.rb:352:in `__send__'
    passenger (2.2.15) lib/phusion_passenger/abstract_server.rb:352:in `main_loop'
    passenger (2.2.15) lib/phusion_passenger/abstract_server.rb:196:in `start_synchronously'

Rendering /var/virtualhosts/wellbaked/wellbaked.net/wellbaked/public/500.html (500 Internal Server Error)


Processing ProductsController#new (for 86.30.224.22 at 2010-08-22 19:13:01) [GET]
Rendering template within layouts/products
Rendering products/new
Completed in 13ms (View: 9, DB: 1) | 200 OK [http://www.wellbaked.net/products/new]


Processing ProductsController#index (for 86.30.224.22 at 2010-08-22 19:13:04) [GET]
Rendering template within layouts/products
Rendering products/index
Completed in 2ms (View: 2, DB: 0) | 200 OK [http://www.wellbaked.net/products]


Processing ProductsController#new (for 86.30.224.22 at 2010-08-22 19:13:06) [GET]
Rendering template within layouts/products
Rendering products/new
Completed in 6ms (View: 5, DB: 0) | 200 OK [http://www.wellbaked.net/products/new]
